d:\2020 new 동운\전공 3-2\로봇학실험4\로실4_동운\robotexp_4\robotexp_4\robotexp_4\debug\robotexp_4.pch
d:\2020 new 동운\전공 3-2\로봇학실험4\로실4_동운\robotexp_4\robotexp_4\robotexp_4\debug\vc142.pdb
d:\2020 new 동운\전공 3-2\로봇학실험4\로실4_동운\robotexp_4\robotexp_4\robotexp_4\debug\vc142.idb
d:\2020 new 동운\전공 3-2\로봇학실험4\로실4_동운\robotexp_4\robotexp_4\robotexp_4\debug\stdafx.obj
d:\2020 new 동운\전공 3-2\로봇학실험4\로실4_동운\robotexp_4\robotexp_4\robotexp_4\debug\threadworker.obj
d:\2020 new 동운\전공 3-2\로봇학실험4\로실4_동운\robotexp_4\robotexp_4\robotexp_4\debug\systemmemory.obj
d:\2020 new 동운\전공 3-2\로봇학실험4\로실4_동운\robotexp_4\robotexp_4\robotexp_4\debug\sharedmemory.obj
d:\2020 new 동운\전공 3-2\로봇학실험4\로실4_동운\robotexp_4\robotexp_4\robotexp_4\debug\robotexp_4dlg.obj
d:\2020 new 동운\전공 3-2\로봇학실험4\로실4_동운\robotexp_4\robotexp_4\robotexp_4\debug\robotexp_4.obj
d:\2020 new 동운\전공 3-2\로봇학실험4\로실4_동운\robotexp_4\robotexp_4\robotexp_4\debug\odework.obj
d:\2020 new 동운\전공 3-2\로봇학실험4\로실4_동운\robotexp_4\robotexp_4\robotexp_4\debug\ode.obj
d:\2020 new 동운\전공 3-2\로봇학실험4\로실4_동운\robotexp_4\robotexp_4\robotexp_4\debug\ntgraph.obj
d:\2020 new 동운\전공 3-2\로봇학실험4\로실4_동운\robotexp_4\robotexp_4\robotexp_4\debug\graphdlg.obj
d:\2020 new 동운\전공 3-2\로봇학실험4\로실4_동운\robotexp_4\robotexp_4\robotexp_4\debug\devicelistreader.obj
d:\2020 new 동운\전공 3-2\로봇학실험4\로실4_동운\robotexp_4\robotexp_4\robotexp_4\debug\commwork.obj
d:\2020 new 동운\전공 3-2\로봇학실험4\로실4_동운\robotexp_4\robotexp_4\robotexp_4\debug\comm.obj
d:\2020 new 동운\전공 3-2\로봇학실험4\로실4_동운\robotexp_4\robotexp_4\robotexp_4\debug\cocx.obj
d:\2020 new 동운\전공 3-2\로봇학실험4\로실4_동운\robotexp_4\robotexp_4\debug\robotexp_4.ilk
d:\2020 new 동운\전공 3-2\로봇학실험4\로실4_동운\robotexp_4\robotexp_4\debug\robotexp_4.exe
d:\2020 new 동운\전공 3-2\로봇학실험4\로실4_동운\robotexp_4\robotexp_4\debug\robotexp_4.pdb
d:\2020 new 동운\전공 3-2\로봇학실험4\로실4_동운\robotexp_4\robotexp_4\robotexp_4\debug\robotexp_4.res
d:\2020 new 동운\전공 3-2\로봇학실험4\로실4_동운\robotexp_4\robotexp_4\robotexp_4\debug\robotexp_4.tlog\cl.command.1.tlog
d:\2020 new 동운\전공 3-2\로봇학실험4\로실4_동운\robotexp_4\robotexp_4\robotexp_4\debug\robotexp_4.tlog\cl.read.1.tlog
d:\2020 new 동운\전공 3-2\로봇학실험4\로실4_동운\robotexp_4\robotexp_4\robotexp_4\debug\robotexp_4.tlog\cl.write.1.tlog
d:\2020 new 동운\전공 3-2\로봇학실험4\로실4_동운\robotexp_4\robotexp_4\robotexp_4\debug\robotexp_4.tlog\link.command.1.tlog
d:\2020 new 동운\전공 3-2\로봇학실험4\로실4_동운\robotexp_4\robotexp_4\robotexp_4\debug\robotexp_4.tlog\link.read.1.tlog
d:\2020 new 동운\전공 3-2\로봇학실험4\로실4_동운\robotexp_4\robotexp_4\robotexp_4\debug\robotexp_4.tlog\link.write.1.tlog
d:\2020 new 동운\전공 3-2\로봇학실험4\로실4_동운\robotexp_4\robotexp_4\robotexp_4\debug\robotexp_4.tlog\rc.command.1.tlog
d:\2020 new 동운\전공 3-2\로봇학실험4\로실4_동운\robotexp_4\robotexp_4\robotexp_4\debug\robotexp_4.tlog\rc.read.1.tlog
d:\2020 new 동운\전공 3-2\로봇학실험4\로실4_동운\robotexp_4\robotexp_4\robotexp_4\debug\robotexp_4.tlog\rc.write.1.tlog
